\BOOKMARK [1][-]{tableofcontents.1}{Contents}{}% 1
\BOOKMARK [1][-]{lof.1}{List of Figures}{}% 2
\BOOKMARK [0][-]{chapter.1}{Introduction to Tessellations}{}% 3
\BOOKMARK [1][-]{section.1.1}{Definitions}{chapter.1}% 4
\BOOKMARK [1][-]{section.1.2}{Kepler's Monsters}{chapter.1}% 5
\BOOKMARK [1][-]{section.1.3}{Discovering Aperiodic Tessellations}{chapter.1}% 6
\BOOKMARK [0][-]{chapter.2}{Substitution Construction}{}% 7
\BOOKMARK [1][-]{section.2.1}{Rhombs Representation of the Penrose Tiling}{chapter.2}% 8
\BOOKMARK [1][-]{section.2.2}{Non-Local Growth}{chapter.2}% 9
\BOOKMARK [1][-]{section.2.3}{Deflation and Inflation}{chapter.2}% 10
\BOOKMARK [1][-]{section.2.4}{Extension Theorem}{chapter.2}% 11
\BOOKMARK [0][-]{chapter.3}{Up-Down Construction}{}% 12
\BOOKMARK [1][-]{section.3.1}{Penrose Tilings as Infinite Sequences}{chapter.3}% 13
\BOOKMARK [0][-]{chapter.4}{Pentagrid Construction}{}% 14
\BOOKMARK [1][-]{section.4.1}{Duals}{chapter.4}% 15
\BOOKMARK [1][-]{section.4.2}{Regular Pentagrids}{chapter.4}% 16
\BOOKMARK [1][-]{section.4.3}{Regular Pentagrids as Penrose Tiling Duals}{chapter.4}% 17
\BOOKMARK [1][-]{section.4.4}{Projective Interpretation}{chapter.4}% 18
\BOOKMARK [0][-]{chapter.5}{Features of the Penrose Tiling}{}% 19
\BOOKMARK [1][-]{section.5.1}{Mutual Local Derivability of Representations}{chapter.5}% 20
\BOOKMARK [1][-]{section.5.2}{Local Isomorphism}{chapter.5}% 21
\BOOKMARK [1][-]{section.5.3}{Worms}{chapter.5}% 22
\BOOKMARK [1][-]{section.5.4}{Density of Patterns}{chapter.5}% 23
\BOOKMARK [1][-]{section.5.5}{Five-Fold Rotational Symmetry}{chapter.5}% 24
\BOOKMARK [1][-]{section.5.6}{Ratio of Prototiles}{chapter.5}% 25
\BOOKMARK [0][-]{chapter.6}{Graphical Geodesics}{}% 26
\BOOKMARK [1][-]{section.6.1}{Introduction and Definition}{chapter.6}% 27
\BOOKMARK [1][-]{section.6.2}{Types of Paths}{chapter.6}% 28
\BOOKMARK [1][-]{section.6.3}{Future Work}{chapter.6}% 29
