This is pdfTeX, Version 3.1415926-2.5-1.40.14 (TeX Live 2013/Debian) (format=pdflatex 2014.6.19)  22 MAR 2015 23:19
entering extended mode
 restricted \write18 enabled.
 %&-line parsing enabled.
**ThesisDraft.tex
(./ThesisDraft.tex
LaTeX2e <2011/06/27>
Babel <3.9h> and hyphenation patterns for 78 languages loaded.
(/usr/share/texlive/texmf-dist/tex/latex/base/article.cls
Document Class: article 2007/10/19 v1.4h Standard LaTeX document class
(/usr/share/texlive/texmf-dist/tex/latex/base/size10.clo
File: size10.clo 2007/10/19 v1.4h Standard LaTeX file (size option)
)
\c@part=\count79
\c@section=\count80
\c@subsection=\count81
\c@subsubsection=\count82
\c@paragraph=\count83
\c@subparagraph=\count84
\c@figure=\count85
\c@table=\count86
\abovecaptionskip=\skip41
\belowcaptionskip=\skip42
\bibindent=\dimen102
)
(/usr/share/texlive/texmf-dist/tex/latex/graphics/graphicx.sty
Package: graphicx 1999/02/16 v1.0f Enhanced LaTeX Graphics (DPC,SPQR)

(/usr/share/texlive/texmf-dist/tex/latex/graphics/keyval.sty
Package: keyval 1999/03/16 v1.13 key=value parser (DPC)
\KV@toks@=\toks14
)
(/usr/share/texlive/texmf-dist/tex/latex/graphics/graphics.sty
Package: graphics 2009/02/05 v1.0o Standard LaTeX Graphics (DPC,SPQR)

(/usr/share/texlive/texmf-dist/tex/latex/graphics/trig.sty
Package: trig 1999/03/16 v1.09 sin cos tan (DPC)
)
(/usr/share/texlive/texmf-dist/tex/latex/latexconfig/graphics.cfg
File: graphics.cfg 2010/04/23 v1.9 graphics configuration of TeX Live
)
Package graphics Info: Driver file: pdftex.def on input line 91.

(/usr/share/texlive/texmf-dist/tex/latex/pdftex-def/pdftex.def
File: pdftex.def 2011/05/27 v0.06d Graphics/color for pdfTeX

(/usr/share/texlive/texmf-dist/tex/generic/oberdiek/infwarerr.sty
Package: infwarerr 2010/04/08 v1.3 Providing info/warning/error messages (HO)
)
(/usr/share/texlive/texmf-dist/tex/generic/oberdiek/ltxcmds.sty
Package: ltxcmds 2011/11/09 v1.22 LaTeX kernel commands for general use (HO)
)
\Gread@gobject=\count87
))
\Gin@req@height=\dimen103
\Gin@req@width=\dimen104
)
(/usr/share/texlive/texmf-dist/tex/latex/float/float.sty
Package: float 2001/11/08 v1.3d Float enhancements (AL)
\c@float@type=\count88
\float@exts=\toks15
\float@box=\box26
\@float@everytoks=\toks16
\@floatcapt=\box27
)
(/usr/share/texlive/texmf-dist/tex/latex/caption/caption.sty
Package: caption 2013/05/02 v3.3-89 Customizing captions (AR)

(/usr/share/texlive/texmf-dist/tex/latex/caption/caption3.sty
Package: caption3 2013/05/02 v1.6-88 caption3 kernel (AR)
Package caption3 Info: TeX engine: e-TeX on input line 57.
\captionmargin=\dimen105
\captionmargin@=\dimen106
\captionwidth=\dimen107
\caption@tempdima=\dimen108
\caption@indent=\dimen109
\caption@parindent=\dimen110
\caption@hangindent=\dimen111
)
\c@ContinuedFloat=\count89
Package caption Info: float package is loaded.
)
(/usr/share/texlive/texmf-dist/tex/latex/caption/subcaption.sty
Package: subcaption 2013/02/03 v1.1-62 Sub-captions (AR)
\c@subfigure=\count90
\c@subtable=\count91
)
(/usr/share/texlive/texmf-dist/tex/latex/was/gensymb.sty
Package: gensymb 2003/07/02 v1.0 (WaS)
)
(/usr/share/texlive/texmf-dist/tex/latex/amsmath/amsmath.sty
Package: amsmath 2013/01/14 v2.14 AMS math features
\@mathmargin=\skip43

For additional information on amsmath, use the `?' option.
(/usr/share/texlive/texmf-dist/tex/latex/amsmath/amstext.sty
Package: amstext 2000/06/29 v2.01

(/usr/share/texlive/texmf-dist/tex/latex/amsmath/amsgen.sty
File: amsgen.sty 1999/11/30 v2.0
\@emptytoks=\toks17
\ex@=\dimen112
))
(/usr/share/texlive/texmf-dist/tex/latex/amsmath/amsbsy.sty
Package: amsbsy 1999/11/29 v1.2d
\pmbraise@=\dimen113
)
(/usr/share/texlive/texmf-dist/tex/latex/amsmath/amsopn.sty
Package: amsopn 1999/12/14 v2.01 operator names
)
\inf@bad=\count92
LaTeX Info: Redefining \frac on input line 210.
\uproot@=\count93
\leftroot@=\count94
LaTeX Info: Redefining \overline on input line 306.
\classnum@=\count95
\DOTSCASE@=\count96
LaTeX Info: Redefining \ldots on input line 378.
LaTeX Info: Redefining \dots on input line 381.
LaTeX Info: Redefining \cdots on input line 466.
\Mathstrutbox@=\box28
\strutbox@=\box29
\big@size=\dimen114
LaTeX Font Info:    Redeclaring font encoding OML on input line 566.
LaTeX Font Info:    Redeclaring font encoding OMS on input line 567.
\macc@depth=\count97
\c@MaxMatrixCols=\count98
\dotsspace@=\muskip10
\c@parentequation=\count99
\dspbrk@lvl=\count100
\tag@help=\toks18
\row@=\count101
\column@=\count102
\maxfields@=\count103
\andhelp@=\toks19
\eqnshift@=\dimen115
\alignsep@=\dimen116
\tagshift@=\dimen117
\tagwidth@=\dimen118
\totwidth@=\dimen119
\lineht@=\dimen120
\@envbody=\toks20
\multlinegap=\skip44
\multlinetaggap=\skip45
\mathdisplay@stack=\toks21
LaTeX Info: Redefining \[ on input line 2665.
LaTeX Info: Redefining \] on input line 2666.
)
(/usr/share/texlive/texmf-dist/tex/latex/amsfonts/amsfonts.sty
Package: amsfonts 2013/01/14 v3.01 Basic AMSFonts support
\symAMSa=\mathgroup4
\symAMSb=\mathgroup5
LaTeX Font Info:    Overwriting math alphabet `\mathfrak' in version `bold'
(Font)                  U/euf/m/n --> U/euf/b/n on input line 106.
)
(/usr/share/texlive/texmf-dist/tex/latex/amscls/amsthm.sty
Package: amsthm 2004/08/06 v2.20
\thm@style=\toks22
\thm@bodyfont=\toks23
\thm@headfont=\toks24
\thm@notefont=\toks25
\thm@headpunct=\toks26
\thm@preskip=\skip46
\thm@postskip=\skip47
\thm@headsep=\skip48
\dth@everypar=\toks27
)
(/usr/share/texlive/texmf-dist/tex/latex/amsfonts/amssymb.sty
Package: amssymb 2013/01/14 v3.01 AMS font symbols
)
(/usr/share/texlive/texmf-dist/tex/latex/mathalfa/mathalfa.sty
Package: mathalfa 2012/07/10 - 1.07mathalfa (License LPPL) Michael Sharpe

(/usr/share/texlive/texmf-dist/tex/latex/xkeyval/xkeyval.sty
Package: xkeyval 2012/10/14 v2.6b package option processing (HA)

(/usr/share/texlive/texmf-dist/tex/generic/xkeyval/xkeyval.tex
\XKV@toks=\toks28
\XKV@tempa@toks=\toks29
\XKV@depth=\count104
File: xkeyval.tex 2012/10/14 v2.6b key=value parser (HA)
))
LaTeX Font Info:    Redeclaring math alphabet \mathcal on input line 184.
LaTeX Font Info:    Overwriting math alphabet `\mathcal' in version `bold'
(Font)                  U/cmsy/m/n --> U/cmsy/b/n on input line 185.
)
\c@mydef=\count105
\c@myprop=\count106
\c@mythm=\count107
\c@mylem=\count108

(./ThesisDraft.aux

LaTeX Warning: Label `fig:RobSubThin' multiply defined.


LaTeX Warning: Label `sub@fig:RobSubThin' multiply defined.


LaTeX Warning: Label `fig:RobSubs' multiply defined.

)
\openout1 = `ThesisDraft.aux'.

LaTeX Font Info:    Checking defaults for OML/cmm/m/it on input line 22.
LaTeX Font Info:    ... okay on input line 22.
LaTeX Font Info:    Checking defaults for T1/cmr/m/n on input line 22.
LaTeX Font Info:    ... okay on input line 22.
LaTeX Font Info:    Checking defaults for OT1/cmr/m/n on input line 22.
LaTeX Font Info:    ... okay on input line 22.
LaTeX Font Info:    Checking defaults for OMS/cmsy/m/n on input line 22.
LaTeX Font Info:    ... okay on input line 22.
LaTeX Font Info:    Checking defaults for OMX/cmex/m/n on input line 22.
LaTeX Font Info:    ... okay on input line 22.
LaTeX Font Info:    Checking defaults for U/cmr/m/n on input line 22.
LaTeX Font Info:    ... okay on input line 22.
 (/usr/share/texlive/texmf-dist/tex/context/base/supp-pdf.mkii
[Loading MPS to PDF converter (version 2006.09.02).]
\scratchcounter=\count109
\scratchdimen=\dimen121
\scratchbox=\box30
\nofMPsegments=\count110
\nofMParguments=\count111
\everyMPshowfont=\toks30
\MPscratchCnt=\count112
\MPscratchDim=\dimen122
\MPnumerator=\count113
\makeMPintoPDFobject=\count114
\everyMPtoPDFconversion=\toks31
) (/usr/share/texlive/texmf-dist/tex/generic/oberdiek/pdftexcmds.sty
Package: pdftexcmds 2011/11/29 v0.20 Utility functions of pdfTeX for LuaTeX (HO
)

(/usr/share/texlive/texmf-dist/tex/generic/oberdiek/ifluatex.sty
Package: ifluatex 2010/03/01 v1.3 Provides the ifluatex switch (HO)
Package ifluatex Info: LuaTeX not detected.
)
(/usr/share/texlive/texmf-dist/tex/generic/oberdiek/ifpdf.sty
Package: ifpdf 2011/01/30 v2.3 Provides the ifpdf switch (HO)
Package ifpdf Info: pdfTeX in PDF mode is detected.
)
Package pdftexcmds Info: LuaTeX not detected.
Package pdftexcmds Info: \pdf@primitive is available.
Package pdftexcmds Info: \pdf@ifprimitive is available.
Package pdftexcmds Info: \pdfdraftmode found.
)
(/usr/share/texlive/texmf-dist/tex/latex/oberdiek/epstopdf-base.sty
Package: epstopdf-base 2010/02/09 v2.5 Base part for package epstopdf

(/usr/share/texlive/texmf-dist/tex/latex/oberdiek/grfext.sty
Package: grfext 2010/08/19 v1.1 Manage graphics extensions (HO)

(/usr/share/texlive/texmf-dist/tex/generic/oberdiek/kvdefinekeys.sty
Package: kvdefinekeys 2011/04/07 v1.3 Define keys (HO)
))
(/usr/share/texlive/texmf-dist/tex/latex/oberdiek/kvoptions.sty
Package: kvoptions 2011/06/30 v3.11 Key value format for package options (HO)

(/usr/share/texlive/texmf-dist/tex/generic/oberdiek/kvsetkeys.sty
Package: kvsetkeys 2012/04/25 v1.16 Key value parser (HO)

(/usr/share/texlive/texmf-dist/tex/generic/oberdiek/etexcmds.sty
Package: etexcmds 2011/02/16 v1.5 Avoid name clashes with e-TeX commands (HO)
Package etexcmds Info: Could not find \expanded.
(etexcmds)             That can mean that you are not using pdfTeX 1.50 or
(etexcmds)             that some package has redefined \expanded.
(etexcmds)             In the latter case, load this package earlier.
)))
Package grfext Info: Graphics extension search list:
(grfext)             [.png,.pdf,.jpg,.mps,.jpeg,.jbig2,.jb2,.PNG,.PDF,.JPG,.JPE
G,.JBIG2,.JB2,.eps]
(grfext)             \AppendGraphicsExtensions on input line 452.

(/usr/share/texlive/texmf-dist/tex/latex/latexconfig/epstopdf-sys.cfg
File: epstopdf-sys.cfg 2010/07/13 v1.3 Configuration of (r)epstopdf for TeX Liv
e
))
Package caption Info: Begin \AtBeginDocument code.
Package caption Info: End \AtBeginDocument code.
LaTeX Info: Redefining \celsius on input line 22.
Package gensymb Info: Faking symbols for \degree and \celsius on input line 22.



Package gensymb Warning: Not defining \perthousand.

LaTeX Info: Redefining \ohm on input line 22.
Package gensymb Info: Using \Omega for \ohm on input line 22.

Package gensymb Warning: Not defining \micro.

LaTeX Font Info:    Try loading font information for U+msa on input line 24.
(/usr/share/texlive/texmf-dist/tex/latex/amsfonts/umsa.fd
File: umsa.fd 2013/01/14 v3.01 AMS symbols A
)
LaTeX Font Info:    Try loading font information for U+msb on input line 24.

(/usr/share/texlive/texmf-dist/tex/latex/amsfonts/umsb.fd
File: umsb.fd 2013/01/14 v3.01 AMS symbols B
) [1

{/var/lib/texmf/fonts/map/pdftex/updmap/pdftex.map}]
<./Figures/Checkerboard.png, id=20, 361.35pt x 360.34625pt>
File: ./Figures/Checkerboard.png Graphic file (type png)

<use ./Figures/Checkerboard.png>
Package pdftex.def Info: ./Figures/Checkerboard.png used on input line 59.
(pdftex.def)             Requested size: 137.9979pt x 137.61479pt.

<./Figures/CheckerboardOther.png, id=21, 361.35pt x 360.34625pt>
File: ./Figures/CheckerboardOther.png Graphic file (type png)

<use ./Figures/CheckerboardOther.png>
Package pdftex.def Info: ./Figures/CheckerboardOther.png used on input line 65.

(pdftex.def)             Requested size: 137.9979pt x 137.61479pt.

<./Figures/CheckerboardCircles.png, id=22, 361.35pt x 361.35pt>
File: ./Figures/CheckerboardCircles.png Graphic file (type png)

<use ./Figures/CheckerboardCircles.png>
Package pdftex.def Info: ./Figures/CheckerboardCircles.png used on input line 7
2.
(pdftex.def)             Requested size: 137.9979pt x 137.99812pt.

<./Figures/CheckerboardAperiodic.png, id=23, 361.35pt x 385.44pt>
File: ./Figures/CheckerboardAperiodic.png Graphic file (type png)

<use ./Figures/CheckerboardAperiodic.png>
Package pdftex.def Info: ./Figures/CheckerboardAperiodic.png used on input line
 78.
(pdftex.def)             Requested size: 137.9979pt x 147.198pt.
 [2 <./Figures/Checkerboard.png (PNG copy)> <./Figures/CheckerboardOther.png (P
NG copy)> <./Figures/CheckerboardCircles.png (PNG copy)> <./Figures/Checkerboar
dAperiodic.png (PNG copy)>] [3]
[4] [5] <./Figures/RhombPeriodic.png, id=37, 361.35pt x 309.3156pt>
File: ./Figures/RhombPeriodic.png Graphic file (type png)

<use ./Figures/RhombPeriodic.png>
Package pdftex.def Info: ./Figures/RhombPeriodic.png used on input line 155.
(pdftex.def)             Requested size: 137.9979pt x 118.12639pt.

<./Figures/RhombPeriodicRules.png, id=39, 361.35pt x 309.3156pt>
File: ./Figures/RhombPeriodicRules.png Graphic file (type png)

<use ./Figures/RhombPeriodicRules.png>
Package pdftex.def Info: ./Figures/RhombPeriodicRules.png used on input line 16
1.
(pdftex.def)             Requested size: 137.9979pt x 118.12639pt.

<./Figures/RobinsonFat.png, id=40, 361.35pt x 140.56516pt>
File: ./Figures/RobinsonFat.png Graphic file (type png)

<use ./Figures/RobinsonFat.png>
Package pdftex.def Info: ./Figures/RobinsonFat.png used on input line 174.
(pdftex.def)             Requested size: 180.67456pt x 70.2824pt.

Overfull \hbox (8.17456pt too wide) in paragraph at lines 174--175
 [][] 
 []

<./Figures/RobinsonSkinny.png, id=41, 286.1892pt x 433.98135pt>
File: ./Figures/RobinsonSkinny.png Graphic file (type png)

<use ./Figures/RobinsonSkinny.png>
Package pdftex.def Info: ./Figures/RobinsonSkinny.png used on input line 182.
(pdftex.def)             Requested size: 85.8574pt x 130.1954pt.

Overfull \hbox (4.44443pt too wide) in paragraph at lines 172--186
[][]   [] 
 []

<./Figures/RhombFat.png, id=42, 361.35pt x 266.31496pt>
File: ./Figures/RhombFat.png Graphic file (type png)

<use ./Figures/RhombFat.png>
Package pdftex.def Info: ./Figures/RhombFat.png used on input line 195.
(pdftex.def)             Requested size: 180.67456pt x 133.15714pt.

Overfull \hbox (8.17456pt too wide) in paragraph at lines 195--196
 [][] 
 []

<./Figures/RhombSkinny.png, id=43, 145.2627pt x 433.98135pt>
File: ./Figures/RhombSkinny.png Graphic file (type png)

<use ./Figures/RhombSkinny.png>
Package pdftex.def Info: ./Figures/RhombSkinny.png used on input line 201.
(pdftex.def)             Requested size: 87.15828pt x 260.39081pt.
 [6 <./Figures/RhombPeriodic.png> <./Figures/RhombPeriodicRules.png>] [7 <./Fig
ures/RobinsonFat.png> <./Figures/RobinsonSkinny.png> <./Figures/RhombFat.png> <
./Figures/RhombSkinny.png>]
File: ./Figures/RobinsonFat.png Graphic file (type png)

<use ./Figures/RobinsonFat.png>
Package pdftex.def Info: ./Figures/RobinsonFat.png used on input line 230.
(pdftex.def)             Requested size: 144.53743pt x 56.22505pt.

Overfull \hbox (6.53954pt too wide) in paragraph at lines 230--231
 [][] 
 []

<./Figures/RobFatSub.png, id=58, 361.35pt x 164.41425pt>
File: ./Figures/RobFatSub.png Graphic file (type png)

<use ./Figures/RobFatSub.png>
Package pdftex.def Info: ./Figures/RobFatSub.png used on input line 236.
(pdftex.def)             Requested size: 144.53743pt x 65.76453pt.

Overfull \hbox (6.53954pt too wide) in paragraph at lines 236--237
 [][] 
 []

File: ./Figures/RobinsonSkinny.png Graphic file (type png)
<use ./Figures/RobinsonSkinny.png>
Package pdftex.def Info: ./Figures/RobinsonSkinny.png used on input line 247.
(pdftex.def)             Requested size: 85.8574pt x 130.1954pt.

<./Figures/RobSkinnySub.png, id=59, 287.27325pt x 433.98135pt>
File: ./Figures/RobSkinnySub.png Graphic file (type png)

<use ./Figures/RobSkinnySub.png>
Package pdftex.def Info: ./Figures/RobSkinnySub.png used on input line 251.
(pdftex.def)             Requested size: 86.18263pt x 130.1954pt.
 [8 <./Figures/RobFatSub.png> <./Figures/RobSkinnySub.png>]
File: ./Figures/RhombFat.png Graphic file (type png)
 <use ./Figures/RhombFat.png>
Package pdftex.def Info: ./Figures/RhombFat.png used on input line 267.
(pdftex.def)             Requested size: 144.53743pt x 106.52408pt.

Overfull \hbox (6.53954pt too wide) in paragraph at lines 267--268
 [][] 
 []

<./Figures/RhombFatSub.png, id=65, 361.35pt x 422.0568pt>
File: ./Figures/RhombFatSub.png Graphic file (type png)

<use ./Figures/RhombFatSub.png>
Package pdftex.def Info: ./Figures/RhombFatSub.png used on input line 273.
(pdftex.def)             Requested size: 144.53743pt x 168.81972pt.

Overfull \hbox (6.53954pt too wide) in paragraph at lines 273--274
 [][] 
 []

File: ./Figures/RhombSkinny.png Graphic file (type png)
<use ./Figures/RhombSkinny.png>
Package pdftex.def Info: ./Figures/RhombSkinny.png used on input line 284.
(pdftex.def)             Requested size: 58.10403pt x 173.58946pt.

<./Figures/RhombSkinnySub.png, id=66, 302.44995pt x 433.98135pt>
File: ./Figures/RhombSkinnySub.png Graphic file (type png)

<use ./Figures/RhombSkinnySub.png>
Package pdftex.def Info: ./Figures/RhombSkinnySub.png used on input line 288.
(pdftex.def)             Requested size: 120.97783pt x 173.58946pt.
 [9 <./Figures/RhombFatSub.png> <./Figures/RhombSkinnySub.png>]
<./Figures/FatInflation0.png, id=72, 361.35pt x 266.31496pt>
File: ./Figures/FatInflation0.png Graphic file (type png)

<use ./Figures/FatInflation0.png>
Package pdftex.def Info: ./Figures/FatInflation0.png used on input line 304.
(pdftex.def)             Requested size: 144.53743pt x 106.52408pt.

Overfull \hbox (6.53954pt too wide) in paragraph at lines 304--305
 [][] 
 []

<./Figures/FatInflation1.png, id=73, 361.35pt x 422.0568pt>
File: ./Figures/FatInflation1.png Graphic file (type png)

<use ./Figures/FatInflation1.png>
Package pdftex.def Info: ./Figures/FatInflation1.png used on input line 308.
(pdftex.def)             Requested size: 144.53743pt x 168.81972pt.

Overfull \hbox (6.53954pt too wide) in paragraph at lines 308--309
 [][] 
 []

<./Figures/FatInflation2.png, id=74, 361.35pt x 266.31496pt>
File: ./Figures/FatInflation2.png Graphic file (type png)

<use ./Figures/FatInflation2.png>
Package pdftex.def Info: ./Figures/FatInflation2.png used on input line 312.
(pdftex.def)             Requested size: 144.53743pt x 106.52408pt.

Overfull \hbox (6.53954pt too wide) in paragraph at lines 312--313
 [][] 
 []

<./Figures/FatInflation3.png, id=75, 361.35pt x 266.31496pt>
File: ./Figures/FatInflation3.png Graphic file (type png)

<use ./Figures/FatInflation3.png>
Package pdftex.def Info: ./Figures/FatInflation3.png used on input line 316.
(pdftex.def)             Requested size: 144.53743pt x 106.52408pt.

Overfull \hbox (6.53954pt too wide) in paragraph at lines 316--317
 [][] 
 []

<./Figures/FatInflation4.png, id=76, 361.35pt x 266.31496pt>
File: ./Figures/FatInflation4.png Graphic file (type png)

<use ./Figures/FatInflation4.png>
Package pdftex.def Info: ./Figures/FatInflation4.png used on input line 320.
(pdftex.def)             Requested size: 144.53743pt x 106.52408pt.

Overfull \hbox (6.53954pt too wide) in paragraph at lines 320--321
 [][] 
 []

<./Figures/FatInflation5.png, id=77, 361.35pt x 266.31496pt>
File: ./Figures/FatInflation5.png Graphic file (type png)

<use ./Figures/FatInflation5.png>
Package pdftex.def Info: ./Figures/FatInflation5.png used on input line 324.
(pdftex.def)             Requested size: 144.53743pt x 106.52408pt.

Overfull \hbox (6.53954pt too wide) in paragraph at lines 324--325
 [][] 
 []

<./Figures/SkinnyInflation0.png, id=78, 145.2627pt x 433.98135pt>
File: ./Figures/SkinnyInflation0.png Graphic file (type png)

<use ./Figures/SkinnyInflation0.png>
Package pdftex.def Info: ./Figures/SkinnyInflation0.png used on input line 336.

(pdftex.def)             Requested size: 58.10403pt x 173.58946pt.

<./Figures/SkinnyInflation1.png, id=79, 302.44995pt x 433.98135pt>
File: ./Figures/SkinnyInflation1.png Graphic file (type png)

<use ./Figures/SkinnyInflation1.png>
Package pdftex.def Info: ./Figures/SkinnyInflation1.png used on input line 340.

(pdftex.def)             Requested size: 120.97783pt x 173.58946pt.

<./Figures/SkinnyInflation2.png, id=80, 172.36395pt x 433.98135pt>
File: ./Figures/SkinnyInflation2.png Graphic file (type png)

<use ./Figures/SkinnyInflation2.png>
Package pdftex.def Info: ./Figures/SkinnyInflation2.png used on input line 344.

(pdftex.def)             Requested size: 68.94435pt x 173.58946pt.

<./Figures/SkinnyInflation3.png, id=81, 161.8848pt x 433.98135pt>
File: ./Figures/SkinnyInflation3.png Graphic file (type png)

<use ./Figures/SkinnyInflation3.png>
Package pdftex.def Info: ./Figures/SkinnyInflation3.png used on input line 348.

(pdftex.def)             Requested size: 64.75276pt x 173.58946pt.

<./Figures/SkinnyInflation4.png, id=82, 161.8848pt x 433.98135pt>
File: ./Figures/SkinnyInflation4.png Graphic file (type png)

<use ./Figures/SkinnyInflation4.png>
Package pdftex.def Info: ./Figures/SkinnyInflation4.png used on input line 352.

(pdftex.def)             Requested size: 64.75276pt x 173.58946pt.

<./Figures/SkinnyInflation5.png, id=83, 161.8848pt x 433.98135pt>
File: ./Figures/SkinnyInflation5.png Graphic file (type png)

<use ./Figures/SkinnyInflation5.png>
Package pdftex.def Info: ./Figures/SkinnyInflation5.png used on input line 356.

(pdftex.def)             Requested size: 64.75276pt x 173.58946pt.
 [10 <./Figures/FatInflation0.png> <./Figures/FatInflation1.png> <./Figures/Fat
Inflation2.png> <./Figures/FatInflation3.png> <./Figures/FatInflation4.png> <./
Figures/FatInflation5.png>]
Overfull \vbox (15.5685pt too high) has occurred while \output is active []


[11 <./Figures/SkinnyInflation0.png> <./Figures/SkinnyInflation1.png> <./Figure
s/SkinnyInflation2.png> <./Figures/SkinnyInflation3.png> <./Figures/SkinnyInfla
tion4.png> <./Figures/SkinnyInflation5.png>]
<./Figures/proof.png, id=102, 536.0025pt x 514.92375pt>
File: ./Figures/proof.png Graphic file (type png)

<use ./Figures/proof.png>
Package pdftex.def Info: ./Figures/proof.png used on input line 381.
(pdftex.def)             Requested size: 137.9979pt x 132.56488pt.
 [12 <./Figures/proof.png>] (./ThesisDraft.bbl
[13]) [14] (./ThesisDraft.aux)

LaTeX Warning: There were multiply-defined labels.

 ) 
Here is how much of TeX's memory you used:
 4147 strings out of 493304
 62441 string characters out of 6139871
 124943 words of memory out of 5000000
 7512 multiletter control sequences out of 15000+600000
 16546 words of font info for 64 fonts, out of 8000000 for 9000
 957 hyphenation exceptions out of 8191
 38i,15n,75p,1265b,592s stack positions out of 5000i,500n,10000p,200000b,80000s
</usr/share/texlive/texmf-dist/fonts/type1/public/amsfonts/cm/cmbx10.pfb></us
r/share/texlive/texmf-dist/fonts/type1/public/amsfonts/cm/cmbx12.pfb></usr/shar
e/texlive/texmf-dist/fonts/type1/public/amsfonts/cm/cmbxti10.pfb></usr/share/te
xlive/texmf-dist/fonts/type1/public/amsfonts/cm/cmex10.pfb></usr/share/texlive/
texmf-dist/fonts/type1/public/amsfonts/cm/cmmi10.pfb></usr/share/texlive/texmf-
dist/fonts/type1/public/amsfonts/cm/cmmi7.pfb></usr/share/texlive/texmf-dist/fo
nts/type1/public/amsfonts/cm/cmmi9.pfb></usr/share/texlive/texmf-dist/fonts/typ
e1/public/amsfonts/cm/cmr10.pfb></usr/share/texlive/texmf-dist/fonts/type1/publ
ic/amsfonts/cm/cmr12.pfb></usr/share/texlive/texmf-dist/fonts/type1/public/amsf
onts/cm/cmr17.pfb></usr/share/texlive/texmf-dist/fonts/type1/public/amsfonts/cm
/cmr7.pfb></usr/share/texlive/texmf-dist/fonts/type1/public/amsfonts/cm/cmr9.pf
b></usr/share/texlive/texmf-dist/fonts/type1/public/amsfonts/cm/cmsy10.pfb></us
r/share/texlive/texmf-dist/fonts/type1/public/amsfonts/cm/cmsy7.pfb></usr/share
/texlive/texmf-dist/fonts/type1/public/amsfonts/cm/cmti10.pfb></usr/share/texli
ve/texmf-dist/fonts/type1/public/amsfonts/symbols/msam10.pfb></usr/share/texliv
e/texmf-dist/fonts/type1/public/amsfonts/symbols/msbm10.pfb>
Output written on ThesisDraft.pdf (14 pages, 698337 bytes).
PDF statistics:
 169 PDF objects out of 1000 (max. 8388607)
 85 compressed objects within 1 object stream
 0 named destinations out of 1000 (max. 500000)
 136 words of extra memory for PDF output out of 10000 (max. 10000000)

